app/build/outputs/logs/manifest-merger-release-report.txt
-- Merging decision tree log ---
manifest
ADDED from AndroidManifest.xml:2:1
	xmlns:android
		ADDED from AndroidManifest.xml:2:11
	package
		ADDED from AndroidManifest.xml:3:5
		INJECTED from AndroidManifest.xml:0:0
		INJECTED from AndroidManifest.xml:0:0
	android:versionName
		INJECTED from AndroidManifest.xml:0:0
		INJECTED from AndroidManifest.xml:0:0
	android:versionCode
		INJECTED from AndroidManifest.xml:0:0
		INJECTED from AndroidManifest.xml:0:0
application
ADDED from AndroidManifest.xml:5:5
MERGED from com.android.support:appcompat-v7:22.1.1:22:5
MERGED from com.android.support:support-v4:22.1.1:22:5
	android:label
		ADDED from AndroidManifest.xml:8:9
	android:allowBackup
		ADDED from AndroidManifest.xml:6:9
	android:icon
		ADDED from AndroidManifest.xml:7:9
	android:theme
		ADDED from AndroidManifest.xml:9:9
activity#com.example.memorygeeks.MyActivity
ADDED from AndroidManifest.xml:10:9
	android:label
		ADDED from AndroidManifest.xml:12:13
	android:name
		ADDED from AndroidManifest.xml:11:13
intent-filter#android.intent.action.MAIN+android.intent.category.LAUNCHER
ADDED from AndroidManifest.xml:13:13
action#android.intent.action.MAIN
ADDED from AndroidManifest.xml:14:17
	android:name
		ADDED from AndroidManifest.xml:14:25
category#android.intent.category.LAUNCHER
ADDED from AndroidManifest.xml:16:17
	android:name
		ADDED from AndroidManifest.xml:16:27
activity#com.example.memorygeeks.SinglePlayerActivity
ADDED from AndroidManifest.xml:19:9
	android:label
		ADDED from AndroidManifest.xml:21:13
	android:parentActivityName
		ADDED from AndroidManifest.xml:22:13
	android:name
		ADDED from AndroidManifest.xml:20:13
meta-data#android.support.PARENT_ACTIVITY
ADDED from AndroidManifest.xml:23:13
	android:name
		ADDED from AndroidManifest.xml:24:17
	android:value
		ADDED from AndroidManifest.xml:25:17
activity#com.example.memorygeeks.SinglePlayerActivity8
ADDED from AndroidManifest.xml:27:9
	android:label
		ADDED from AndroidManifest.xml:29:13
	android:parentActivityName
		ADDED from AndroidManifest.xml:30:13
	android:name
		ADDED from AndroidManifest.xml:28:13
activity#com.example.memorygeeks.SinglePlayerActivity10
ADDED from AndroidManifest.xml:35:9
	android:label
		ADDED from AndroidManifest.xml:37:13
	android:parentActivityName
		ADDED from AndroidManifest.xml:38:13
	android:name
		ADDED from AndroidManifest.xml:36:13
activity#com.example.memorygeeks.SinglePlayerActivity12
ADDED from AndroidManifest.xml:43:9
	android:label
		ADDED from AndroidManifest.xml:45:13
	android:parentActivityName
		ADDED from AndroidManifest.xml:46:13
	android:name
		ADDED from AndroidManifest.xml:44:13
activity#com.example.memorygeeks.SinglePlayerActivity14
ADDED from AndroidManifest.xml:51:9
	android:label
		ADDED from AndroidManifest.xml:53:13
	android:parentActivityName
		ADDED from AndroidManifest.xml:54:13
	android:name
		ADDED from AndroidManifest.xml:52:13
activity#com.example.memorygeeks.SinglePlayerActivity16
ADDED from AndroidManifest.xml:59:9
	android:label
		ADDED from AndroidManifest.xml:61:13
	android:parentActivityName
		ADDED from AndroidManifest.xml:62:13
	android:name
		ADDED from AndroidManifest.xml:60:13
activity#com.example.memorygeeks.SinglePlayerActivity18
ADDED from AndroidManifest.xml:67:9
	android:label
		ADDED from AndroidManifest.xml:69:13
	android:parentActivityName
		ADDED from AndroidManifest.xml:70:13
	android:name
		ADDED from AndroidManifest.xml:68:13
activity#com.example.memorygeeks.MultiPlayerActivity
ADDED from AndroidManifest.xml:75:9
	android:label
		ADDED from AndroidManifest.xml:77:13
	android:parentActivityName
		ADDED from AndroidManifest.xml:78:13
	android:name
		ADDED from AndroidManifest.xml:76:13
activity#com.example.memorygeeks.MultiPlayerActivity8
ADDED from AndroidManifest.xml:83:9
	android:label
		ADDED from AndroidManifest.xml:85:13
	android:parentActivityName
		ADDED from AndroidManifest.xml:86:13
	android:name
		ADDED from AndroidManifest.xml:84:13
activity#com.example.memorygeeks.MultiPlayerActivity10
ADDED from AndroidManifest.xml:91:9
	android:label
		ADDED from AndroidManifest.xml:93:13
	android:parentActivityName
		ADDED from AndroidManifest.xml:94:13
	android:name
		ADDED from AndroidManifest.xml:92:13
activity#com.example.memorygeeks.MultiPlayerActivity12
ADDED from AndroidManifest.xml:99:9
	android:label
		ADDED from AndroidManifest.xml:101:13
	android:parentActivityName
		ADDED from AndroidManifest.xml:102:13
	android:name
		ADDED from AndroidManifest.xml:100:13
activity#com.example.memorygeeks.MultiPlayerActivity14
ADDED from AndroidManifest.xml:107:9
	android:label
		ADDED from AndroidManifest.xml:109:13
	android:parentActivityName
		ADDED from AndroidManifest.xml:110:13
	android:name
		ADDED from AndroidManifest.xml:108:13
activity#com.example.memorygeeks.MultiPlayerActivity16
ADDED from AndroidManifest.xml:115:9
	android:label
		ADDED from AndroidManifest.xml:117:13
	android:parentActivityName
		ADDED from AndroidManifest.xml:118:13
	android:name
		ADDED from AndroidManifest.xml:116:13
activity#com.example.memorygeeks.MultiPlayerActivity18
ADDED from AndroidManifest.xml:123:9
	android:label
		ADDED from AndroidManifest.xml:125:13
	android:parentActivityName
		ADDED from AndroidManifest.xml:126:13
	android:name
		ADDED from AndroidManifest.xml:124:13
uses-sdk
INJECTED from AndroidManifest.xml:0:0 reason: use-sdk injection requested
MERGED from com.android.support:appcompat-v7:22.1.1:20:5
MERGED from com.android.support:support-v4:22.1.1:20:5
	android:targetSdkVersion
		INJECTED from AndroidManifest.xml:0:0
		INJECTED from AndroidManifest.xml:0:0
	android:minSdkVersion
		INJECTED from AndroidManifest.xml:0:0
		INJECTED from AndroidManifest.xml:0:0